<?xml version="1.0" encoding="UTF-8" ?>
<testsuite errors="2" failures="1" hostname="dbc-pc" name="controle_viagens.ViagenControllerSpec" tests="7" time="7.068" timestamp="2015-09-14T00:12:37">
  <properties />
  <testcase classname="controle_viagens.ViagenControllerSpec" name="Test the index action returns the correct model" time="5.936" />
  <testcase classname="controle_viagens.ViagenControllerSpec" name="Test the create action returns the correct model" time="0.16" />
  <testcase classname="controle_viagens.ViagenControllerSpec" name="Test the save action correctly persists an instance" time="0.574">
    <error message="Cannot redirect for object [controle_viagens.Viagen : (unsaved)] it is not a domain or has no identifier. Use an explicit redirect instead " type="org.codehaus.groovy.grails.web.servlet.mvc.exceptions.CannotRedirectException">org.codehaus.groovy.grails.web.servlet.mvc.exceptions.CannotRedirectException: Cannot redirect for object [controle_viagens.Viagen : (unsaved)] it is not a domain or has no identifier. Use an explicit redirect instead 
	at org.codehaus.groovy.grails.plugins.web.api.ControllersApi.redirect(ControllersApi.java:276)
	at org.springsource.loaded.ri.ReflectiveInterceptor.jlrMethodInvoke(ReflectiveInterceptor.java:1270)
	at groovy.lang.GroovyObjectSupport.invokeMethod(GroovyObjectSupport.java:44)
	at controle_viagens.ViagenController.tt__save_closure9_closure14(ViagenController.groovy:43)
	at controle_viagens.ViagenController.tt__save_closure9_closure14(ViagenController.groovy)
	at org.springsource.loaded.ri.ReflectiveInterceptor.jlrMethodInvoke(ReflectiveInterceptor.java:1270)
	at groovy.lang.Closure.call(Closure.java:423)
	at groovy.lang.Closure.call(Closure.java:417)
	at org.codehaus.groovy.grails.plugins.web.api.MimeTypesApiSupport.getResponseForFormat(MimeTypesApiSupport.groovy:142)
	at org.codehaus.groovy.grails.plugins.web.api.MimeTypesApiSupport.withFormatInternal(MimeTypesApiSupport.groovy:57)
	at org.codehaus.groovy.grails.plugins.web.api.MimeTypesApiSupport.withFormat(MimeTypesApiSupport.groovy:40)
	at org.codehaus.groovy.grails.plugins.web.api.RequestMimeTypesApi.withFormat(RequestMimeTypesApi.groovy:95)
	at controle_viagens.ViagenController.$tt__save(ViagenController.groovy:40)
	at controle_viagens.ViagenController.save_closure4(ViagenController.groovy)
	at org.springsource.loaded.ri.ReflectiveInterceptor.jlrMethodInvoke(ReflectiveInterceptor.java:1270)
	at groovy.lang.Closure.call(Closure.java:423)
	at groovy.lang.Closure.call(Closure.java:439)
	at org.codehaus.groovy.grails.orm.support.GrailsTransactionTemplate$2.doInTransaction(GrailsTransactionTemplate.groovy:88)
	at org.springframework.transaction.support.TransactionTemplate.execute(TransactionTemplate.java:133)
	at org.codehaus.groovy.grails.orm.support.GrailsTransactionTemplate.execute(GrailsTransactionTemplate.groovy:85)
	at controle_viagens.ViagenControllerSpec.Test the save action correctly persists an instance(ViagenControllerSpec.groovy:54)
</error>
  </testcase>
  <testcase classname="controle_viagens.ViagenControllerSpec" name="Test that the show action returns the correct model" time="0.092" />
  <testcase classname="controle_viagens.ViagenControllerSpec" name="Test that the edit action returns the correct model" time="0.048" />
  <testcase classname="controle_viagens.ViagenControllerSpec" name="Test the update action performs an update on a valid domain instance" time="0.113">
    <error message="Cannot get property &apos;id&apos; on null object" type="java.lang.NullPointerException">java.lang.NullPointerException: Cannot get property &apos;id&apos; on null object
	at controle_viagens.ViagenControllerSpec.Test the update action performs an update on a valid domain instance(ViagenControllerSpec.groovy:122)
</error>
  </testcase>
  <testcase classname="controle_viagens.ViagenControllerSpec" name="Test that the delete action deletes an instance if it exists" time="0.066">
    <failure message="Condition not satisfied:&#xa;&#xa;Viagen.count() == 1&#xa;       |       |&#xa;       0       false&#xa;" type="junit.framework.AssertionFailedError">junit.framework.AssertionFailedError: Condition not satisfied:

Viagen.count() == 1
       |       |
       0       false

	at controle_viagens.ViagenControllerSpec.Test that the delete action deletes an instance if it exists(ViagenControllerSpec.groovy:142)
</failure>
  </testcase>
  <system-out><![CDATA[--Output from Test the index action returns the correct model--
--Output from Test the create action returns the correct model--
--Output from Test the save action correctly persists an instance--
--Output from Test that the show action returns the correct model--
--Output from Test that the edit action returns the correct model--
--Output from Test the update action performs an update on a valid domain instance--
--Output from Test that the delete action deletes an instance if it exists--
]]></system-out>
  <system-err><![CDATA[--Output from Test the index action returns the correct model--
--Output from Test the create action returns the correct model--
--Output from Test the save action correctly persists an instance--
--Output from Test that the show action returns the correct model--
--Output from Test that the edit action returns the correct model--
--Output from Test the update action performs an update on a valid domain instance--
--Output from Test that the delete action deletes an instance if it exists--
]]></system-err>
</testsuite>
